c:\users\administrator\desktop\windows\group f\group f\debug\vc140.pdb
c:\users\administrator\desktop\windows\group f\group f\debug\vc140.idb
c:\users\administrator\desktop\windows\group f\group f\debug\europeanoption.obj
c:\users\administrator\desktop\windows\group f\group f\debug\optionpricing.obj
c:\users\administrator\desktop\windows\group f\group f\debug\testbspde1.obj
c:\users\administrator\desktop\windows\group f\group f\debug\stringconversions.obj
c:\users\administrator\desktop\windows\group f\group f\debug\exceldriver.obj
c:\users\administrator\desktop\windows\group f\group f\debug\excelmechanisms.obj
c:\users\administrator\desktop\windows\group f\group f\debug\datasimexception.obj
c:\users\administrator\desktop\windows\group f\debug\group f.ilk
c:\users\administrator\desktop\windows\group f\debug\group f.exe
c:\users\administrator\desktop\windows\group f\debug\group f.pdb
c:\users\administrator\desktop\windows\group f\group f\debug\excel.tli
c:\users\administrator\desktop\windows\group f\group f\debug\mso.tli
c:\users\administrator\desktop\windows\group f\group f\debug\vbe6ext.tli
c:\users\administrator\desktop\windows\group f\group f\debug\excel.tlh
c:\users\administrator\desktop\windows\group f\group f\debug\mso.tlh
c:\users\administrator\desktop\windows\group f\group f\debug\vbe6ext.tlh
c:\users\administrator\desktop\windows\group f\group f\debug\group f.tlog\cl.command.1.tlog
c:\users\administrator\desktop\windows\group f\group f\debug\group f.tlog\cl.read.1.tlog
c:\users\administrator\desktop\windows\group f\group f\debug\group f.tlog\cl.write.1.tlog
c:\users\administrator\desktop\windows\group f\group f\debug\group f.tlog\link.command.1.tlog
c:\users\administrator\desktop\windows\group f\group f\debug\group f.tlog\link.read.1.tlog
c:\users\administrator\desktop\windows\group f\group f\debug\group f.tlog\link.write.1.tlog
